<?xml version="1.0" encoding="UTF-8"?>
<testsuite name="StringCalculatorTest" tests="7" skipped="0" failures="0" errors="0" timestamp="2022-01-05T21:32:12" hostname="DESKTOP-H7K12F4" time="0.023">
  <properties/>
  <testcase name="singleCharDelimiterTest()" classname="StringCalculatorTest" time="0.018"/>
  <testcase name="sameThatBeforeButNewLineDelimitedTest()" classname="StringCalculatorTest" time="0.001"/>
  <testcase name="sameThatBeforeButAllDelimitersWorksTest()" classname="StringCalculatorTest" time="0.001"/>
  <testcase name="emptyStringTest()" classname="StringCalculatorTest" time="0.0"/>
  <testcase name="twoNumbersCommaDelimitedReturnsTheSumTest()" classname="StringCalculatorTest" time="0.0"/>
  <testcase name="greaterThan1000AreIgnoredTest()" classname="StringCalculatorTest" time="0.001"/>
  <testcase name="singleNumberReturnItsValueTest()" classname="StringCalculatorTest" time="0.0"/>
  <system-out><![CDATA[]]></system-out>
  <system-err><![CDATA[]]></system-err>
</testsuite>
