<?xml version="1.0" encoding="UTF-8"?>
<testsuite name="LibraryTest" tests="1" skipped="0" failures="0" errors="0" timestamp="2022-01-05T21:32:12" hostname="DESKTOP-H7K12F4" time="0.002">
  <properties/>
  <testcase name="testSomeLibraryMethod()" classname="LibraryTest" time="0.002"/>
  <system-out><![CDATA[]]></system-out>
  <system-err><![CDATA[]]></system-err>
</testsuite>
